***  Installation Started 11/29/2020 21:56  ***
Title: Dark Ages Installation
Source: D:\DarkAges718single.exe | 11-29-2020 | 21:56:46 | 170354251
File Copy: C:\Users\Dean\Documents\GitHub\DarkAges-Lorule-Server\game\usa.nfo
File Copy: C:\Users\Dean\Documents\GitHub\DarkAges-Lorule-Server\game\thidchk.dll | 02-01-2001 | 10:46:02 | 1.0.0.0 | 24576 | f34ebc32
File Copy: C:\Users\Dean\Documents\GitHub\DarkAges-Lorule-Server\game\setoa.dat | 08-14-2007 | 21:00:08 | | 28679343 | 99100e47
File Copy: C:\Users\Dean\Documents\GitHub\DarkAges-Lorule-Server\game\seo.dat | 01-23-2007 | 22:49:22 | | 48607935 | f5a62a99
File Copy: C:\Users\Dean\Documents\GitHub\DarkAges-Lorule-Server\game\SCSKAppLink.dll | 10-09-2003 | 15:38:54 | 1.0.0.5 | 307200 | 92435747
File Copy: C:\Users\Dean\Documents\GitHub\DarkAges-Lorule-Server\game\roh.dat | 04-10-2007 | 00:46:26 | | 15862860 | c3eb9611
File Copy: C:\Users\Dean\Documents\GitHub\DarkAges-Lorule-Server\game\patcher.exe | 06-05-2002 | 14:30:04 | 1.0.1.1 | 544817 | 861b2e7
File Copy: C:\Users\Dean\Documents\GitHub\DarkAges-Lorule-Server\game\national.dat | 10-25-2005 | 11:11:46 | | 14117089 | 502e808f
File Copy: C:\Users\Dean\Documents\GitHub\DarkAges-Lorule-Server\game\Mss32.dll | 10-23-2003 | 17:30:04 | 3.0.0.0 | 346624 | c5128684
File Copy: C:\Users\Dean\Documents\GitHub\DarkAges-Lorule-Server\game\Legend.dat | 10-31-2007 | 11:50:46 | | 13187320 | 6a1d4cd6
File Copy: C:\Users\Dean\Documents\GitHub\DarkAges-Lorule-Server\game\Launch.dll | 08-25-2000 | 07:08:20 | 1.0.0.2 | 65536 | 413ab62
File Copy: C:\Users\Dean\Documents\GitHub\DarkAges-Lorule-Server\game\khan2.dat | 10-22-2007 | 00:53:16 | | 69256707 | acf9b033
File Copy: C:\Users\Dean\Documents\GitHub\DarkAges-Lorule-Server\game\khan.dat | 10-22-2007 | 00:52:32 | | 68307113 | deed4d76
File Copy: C:\Users\Dean\Documents\GitHub\DarkAges-Lorule-Server\game\iplookup.tbl | 07-27-2005 | 12:50:28 | | 14 | 7907813e
File Copy: C:\Users\Dean\Documents\GitHub\DarkAges-Lorule-Server\game\ia.dat | 01-23-2007 | 22:49:28 | | 30859833 | 8a7308ae
File Copy: C:\Users\Dean\Documents\GitHub\DarkAges-Lorule-Server\game\hades.dat | 07-26-2007 | 17:56:04 | | 45370839 | 7fc60ce1
File Copy: C:\Users\Dean\Documents\GitHub\DarkAges-Lorule-Server\game\FaceMaker.exe | 10-23-2003 | 17:26:38 | 1.0.0.1 | 798720 | 86a2f1b2
File Copy: C:\Users\Dean\Documents\GitHub\DarkAges-Lorule-Server\game\Darkages.exe | 10-31-2007 | 13:31:40 | 360.0.0.0 | 3268608 | a3ca3f4
File Copy: C:\Users\Dean\Documents\GitHub\DarkAges-Lorule-Server\game\DA-DisplaySelector.exe | 10-31-2007 | 13:03:58 | 1.0.0.0 | 32768 | de64003b
File Copy: C:\Users\Dean\Documents\GitHub\DarkAges-Lorule-Server\game\cjconnector.dll | 05-17-2002 | 17:40:22 | 2.0.0.914 | 65536 | d6bc0f71
File Copy: C:\Users\Dean\Documents\GitHub\DarkAges-Lorule-Server\game\cious.dat | 03-17-2005 | 13:16:38 | | 8823498 | 44b219f4
File Copy: C:\Users\Dean\Documents\GitHub\DarkAges-Lorule-Server\game\binkw32.dll | 10-23-2003 | 17:26:26 | 3.0.0.0 | 285696 | 58bd6481
File Copy: C:\Users\Dean\Documents\GitHub\DarkAges-Lorule-Server\game\_isreg32.dll | 04-08-1999 | 10:18:44 | 2.0.0.0 | 49152 | e47fc58f
Made Dir: C:\Users\Dean\Documents\GitHub\DarkAges-Lorule-Server\game\npc
File Copy: C:\Users\Dean\Documents\GitHub\DarkAges-Lorule-Server\game\npc\npcbase.dat | 05-16-2006 | 19:49:38 | | 2885012 | 38489e23
Made Dir: C:\Users\Dean\Documents\GitHub\DarkAges-Lorule-Server\game\adventure
File Copy: C:\Users\Dean\Documents\GitHub\DarkAges-Lorule-Server\game\adventure\SpellBook.cfg | 04-22-2004 | 19:49:48 | | 308 | 1bff3e13
Made Dir: C:\Users\Dean\Documents\GitHub\DarkAges-Lorule-Server\game\music
File Copy: C:\Users\Dean\Documents\GitHub\DarkAges-Lorule-Server\game\music\1.mus | 04-22-2004 | 19:49:48 | | 928185 | 432f7bf9
File Copy: C:\Users\Dean\Documents\GitHub\DarkAges-Lorule-Server\game\music\10.mus | 11-22-2001 | 10:46:20 | | 483056 | 2307225a
File Copy: C:\Users\Dean\Documents\GitHub\DarkAges-Lorule-Server\game\music\11.mus | 11-06-2001 | 18:37:58 | | 871863 | a80a4076
File Copy: C:\Users\Dean\Documents\GitHub\DarkAges-Lorule-Server\game\music\12.mus | 11-22-2001 | 10:49:12 | | 662674 | af3ff2d9
File Copy: C:\Users\Dean\Documents\GitHub\DarkAges-Lorule-Server\game\music\13.mus | 11-22-2001 | 10:49:40 | | 718785 | 1f05e78d
File Copy: C:\Users\Dean\Documents\GitHub\DarkAges-Lorule-Server\game\music\14.mus | 11-22-2001 | 11:08:32 | | 969665 | 7c9c106a
File Copy: C:\Users\Dean\Documents\GitHub\DarkAges-Lorule-Server\game\music\15.mus | 11-22-2001 | 10:49:50 | | 596219 | 79779cb8
File Copy: C:\Users\Dean\Documents\GitHub\DarkAges-Lorule-Server\game\music\16.mus | 11-01-2001 | 16:03:28 | | 650472 | 562ef78a
File Copy: C:\Users\Dean\Documents\GitHub\DarkAges-Lorule-Server\game\music\17.mus | 11-22-2001 | 10:49:58 | | 613773 | 429bc46b
File Copy: C:\Users\Dean\Documents\GitHub\DarkAges-Lorule-Server\game\music\18.mus | 11-22-2001 | 11:01:16 | | 385306 | 60fd02f6
File Copy: C:\Users\Dean\Documents\GitHub\DarkAges-Lorule-Server\game\music\19.mus | 11-22-2001 | 10:50:04 | | 807497 | c62a7ae8
File Copy: C:\Users\Dean\Documents\GitHub\DarkAges-Lorule-Server\game\music\2.mus | 11-22-2001 | 11:05:46 | | 624849 | 4cc8617d
File Copy: C:\Users\Dean\Documents\GitHub\DarkAges-Lorule-Server\game\music\20.mus | 11-01-2001 | 16:03:34 | | 576912 | 126f5d1b
File Copy: C:\Users\Dean\Documents\GitHub\DarkAges-Lorule-Server\game\music\21.mus | 11-01-2001 | 16:04:04 | | 339302 | 6c88cd21
File Copy: C:\Users\Dean\Documents\GitHub\DarkAges-Lorule-Server\game\music\22.mus | 11-22-2001 | 10:54:00 | | 530390 | 936be05c
File Copy: C:\Users\Dean\Documents\GitHub\DarkAges-Lorule-Server\game\music\23.mus | 11-22-2001 | 10:22:40 | | 432588 | 2b37a97a
File Copy: C:\Users\Dean\Documents\GitHub\DarkAges-Lorule-Server\game\music\24.mus | 11-22-2001 | 11:09:46 | | 392464 | 644a1ebc
File Copy: C:\Users\Dean\Documents\GitHub\DarkAges-Lorule-Server\game\music\25.mus | 11-22-2001 | 12:19:16 | | 627252 | 8695ed5f
File Copy: C:\Users\Dean\Documents\GitHub\DarkAges-Lorule-Server\game\music\26.mus | 11-22-2001 | 12:21:22 | | 599040 | 47af8b2a
File Copy: C:\Users\Dean\Documents\GitHub\DarkAges-Lorule-Server\game\music\27.mus | 11-29-2001 | 22:17:02 | | 607504 | edc07fd4
File Copy: C:\Users\Dean\Documents\GitHub\DarkAges-Lorule-Server\game\music\28.mus | 12-01-2001 | 08:16:26 | | 775024 | da0a8982
File Copy: C:\Users\Dean\Documents\GitHub\DarkAges-Lorule-Server\game\music\29.mus | 12-03-2001 | 11:16:10 | | 520278 | d652c89a
File Copy: C:\Users\Dean\Documents\GitHub\DarkAges-Lorule-Server\game\music\3.mus | 11-22-2001 | 10:44:20 | | 593398 | fc124aef
File Copy: C:\Users\Dean\Documents\GitHub\DarkAges-Lorule-Server\game\music\30.mus | 12-03-2001 | 15:10:00 | | 894770 | da6ec68f
File Copy: C:\Users\Dean\Documents\GitHub\DarkAges-Lorule-Server\game\music\31.mus | 01-11-2002 | 09:19:56 | | 1103749 | 399a83c1
File Copy: C:\Users\Dean\Documents\GitHub\DarkAges-Lorule-Server\game\music\32.mus | 01-28-2002 | 15:40:54 | | 910652 | 26488810
File Copy: C:\Users\Dean\Documents\GitHub\DarkAges-Lorule-Server\game\music\33.mus | 01-14-2002 | 11:25:38 | | 729258 | d215c21
File Copy: C:\Users\Dean\Documents\GitHub\DarkAges-Lorule-Server\game\music\34.mus | 03-29-2002 | 13:41:52 | | 977084 | ee16da6f
File Copy: C:\Users\Dean\Documents\GitHub\DarkAges-Lorule-Server\game\music\35.mus | 12-09-2002 | 17:05:08 | | 1120656 | 2c898e0c
File Copy: C:\Users\Dean\Documents\GitHub\DarkAges-Lorule-Server\game\music\36.mus | 12-09-2002 | 17:06:54 | | 1234550 | 6e6ec04b
File Copy: C:\Users\Dean\Documents\GitHub\DarkAges-Lorule-Server\game\music\37.mus | 12-09-2002 | 17:03:08 | | 1251686 | 579da6ec
File Copy: C:\Users\Dean\Documents\GitHub\DarkAges-Lorule-Server\game\music\38.mus | 12-09-2002 | 17:04:04 | | 1045841 | 312525c5
File Copy: C:\Users\Dean\Documents\GitHub\DarkAges-Lorule-Server\game\music\39.mus | 04-07-2003 | 14:29:50 | | 1300169 | 9267ab1b
File Copy: C:\Users\Dean\Documents\GitHub\DarkAges-Lorule-Server\game\music\4.mus | 11-22-2001 | 10:43:36 | | 650449 | 8ec6912
File Copy: C:\Users\Dean\Documents\GitHub\DarkAges-Lorule-Server\game\music\40.mus | 04-07-2003 | 14:30:38 | | 1102474 | 1d5cb9f6
File Copy: C:\Users\Dean\Documents\GitHub\DarkAges-Lorule-Server\game\music\41.mus | 04-07-2003 | 14:31:40 | | 1299751 | d5d92147
File Copy: C:\Users\Dean\Documents\GitHub\DarkAges-Lorule-Server\game\music\42.mus | 04-07-2003 | 14:32:28 | | 1438305 | f2ebc7da
File Copy: C:\Users\Dean\Documents\GitHub\DarkAges-Lorule-Server\game\music\43.mus | 04-07-2003 | 14:33:10 | | 1496610 | 56be6fd7
File Copy: C:\Users\Dean\Documents\GitHub\DarkAges-Lorule-Server\game\music\44.mus | 07-02-2003 | 17:30:50 | | 993596 | 746ceb2a
File Copy: C:\Users\Dean\Documents\GitHub\DarkAges-Lorule-Server\game\music\45.mus | 07-02-2003 | 17:30:32 | | 1195679 | e485114d
File Copy: C:\Users\Dean\Documents\GitHub\DarkAges-Lorule-Server\game\music\46.mus | 07-02-2003 | 17:30:08 | | 826830 | 3c637afc
File Copy: C:\Users\Dean\Documents\GitHub\DarkAges-Lorule-Server\game\music\47.mus | 07-02-2003 | 17:32:22 | | 1122954 | d805beb0
File Copy: C:\Users\Dean\Documents\GitHub\DarkAges-Lorule-Server\game\music\48.mus | 07-02-2003 | 17:29:46 | | 855879 | 25760677
File Copy: C:\Users\Dean\Documents\GitHub\DarkAges-Lorule-Server\game\music\49.mus | 07-02-2003 | 17:28:58 | | 1270076 | 4a543f69
File Copy: C:\Users\Dean\Documents\GitHub\DarkAges-Lorule-Server\game\music\5.mus | 11-22-2001 | 10:44:56 | | 632895 | af3bcb05
File Copy: C:\Users\Dean\Documents\GitHub\DarkAges-Lorule-Server\game\music\50.mus | 04-22-2004 | 19:49:48 | | 856714 | 4373e92b
File Copy: C:\Users\Dean\Documents\GitHub\DarkAges-Lorule-Server\game\music\51.mus | 04-22-2004 | 19:49:48 | | 574195 | 760f3b42
File Copy: C:\Users\Dean\Documents\GitHub\DarkAges-Lorule-Server\game\music\52.mus | 04-22-2004 | 19:49:48 | | 856923 | 3a128d2f
File Copy: C:\Users\Dean\Documents\GitHub\DarkAges-Lorule-Server\game\music\53.mus | 04-22-2004 | 19:49:48 | | 952009 | 231c0c4c
File Copy: C:\Users\Dean\Documents\GitHub\DarkAges-Lorule-Server\game\music\54.mus | 08-02-2004 | 17:03:54 | | 1722368 | fa891a3f
File Copy: C:\Users\Dean\Documents\GitHub\DarkAges-Lorule-Server\game\music\55.mus | 08-02-2004 | 17:03:56 | | 2460340 | b5ff89e8
File Copy: C:\Users\Dean\Documents\GitHub\DarkAges-Lorule-Server\game\music\56.mus | 11-23-2004 | 17:08:12 | | 3551232 | 9737950c
File Copy: C:\Users\Dean\Documents\GitHub\DarkAges-Lorule-Server\game\music\57.mus | 11-23-2004 | 17:08:12 | | 3076096 | 7cb0fc52
File Copy: C:\Users\Dean\Documents\GitHub\DarkAges-Lorule-Server\game\music\58.mus | 11-23-2004 | 17:08:12 | | 3280896 | f221baee
File Copy: C:\Users\Dean\Documents\GitHub\DarkAges-Lorule-Server\game\music\59.mus | 11-23-2004 | 17:08:12 | | 3276800 | c9d980ff
File Copy: C:\Users\Dean\Documents\GitHub\DarkAges-Lorule-Server\game\music\6.mus | 11-22-2001 | 10:48:08 | | 685244 | 5f779609
File Copy: C:\Users\Dean\Documents\GitHub\DarkAges-Lorule-Server\game\music\60.mus | 11-23-2004 | 17:08:12 | | 895167 | 282e2f9e
File Copy: C:\Users\Dean\Documents\GitHub\DarkAges-Lorule-Server\game\music\61.mus | 11-23-2004 | 17:08:12 | | 1050648 | 10c82fba
File Copy: C:\Users\Dean\Documents\GitHub\DarkAges-Lorule-Server\game\music\62.mus | 03-17-2005 | 13:16:32 | | 1722368 | fa891a3f
File Copy: C:\Users\Dean\Documents\GitHub\DarkAges-Lorule-Server\game\music\63.mus | 03-17-2005 | 13:16:32 | | 866304 | 15e6042c
File Copy: C:\Users\Dean\Documents\GitHub\DarkAges-Lorule-Server\game\music\64.mus | 03-17-2005 | 13:16:34 | | 2793472 | 5451334f
File Copy: C:\Users\Dean\Documents\GitHub\DarkAges-Lorule-Server\game\music\7.mus | 11-22-2001 | 10:48:22 | | 604996 | 1fc06a52
File Copy: C:\Users\Dean\Documents\GitHub\DarkAges-Lorule-Server\game\music\8.mus | 11-22-2001 | 10:48:24 | | 389956 | 883db4b1
File Copy: C:\Users\Dean\Documents\GitHub\DarkAges-Lorule-Server\game\music\9.mus | 11-22-2001 | 10:48:28 | | 574589 | 73aa9078
File Copy: C:\Users\Dean\Documents\GitHub\DarkAges-Lorule-Server\game\music\Mp3dec.asi | 11-07-2001 | 15:42:40 | 3.0.0.0 | 126464 | fa4bc870
File Copy: C:\Users\Dean\Documents\GitHub\DarkAges-Lorule-Server\game\music\mss32.dll | 05-16-2006 | 20:00:38 | 3.0.0.0 | 346624 | c5128684
File Copy: C:\Users\Dean\Documents\GitHub\DarkAges-Lorule-Server\game\UNWISE.EXE | 07-26-2002 | 17:02:06 | | 153088 | 5be5019b
RegDB Key: Software\Microsoft\Windows\CurrentVersion\Uninstall\Dark Ages
RegDB Val: Dark Ages
RegDB Name: DisplayName
RegDB Root: 2
RegDB Old: Dark Ages
RegDB Key: Software\Microsoft\Windows\CurrentVersion\Uninstall\Dark Ages
RegDB Val: C:\Users\Dean\DOCUME~1\GitHub\DARKAG~1\game\UNWISE.EXE C:\Users\Dean\DOCUME~1\GitHub\DARKAG~1\game\INSTALL.LOG
RegDB Name: UninstallString
RegDB Root: 2
RegDB Old: D:\darkages\UNWISE.EXE D:\darkages\INSTALL.LOG
Shell Link: C:\Users\Dean\AppData\Roaming\Microsoft\Windows\Start Menu\Programs\Dark Ages\Darkages.lnk
Link Info: C:\Users\Dean\Documents\GitHub\DarkAges-Lorule-Server\game\Darkages.exe |  |  | 0 | 1 | 0 | 
Shell Link: C:\Users\Dean\AppData\Roaming\Microsoft\Windows\Start Menu\Programs\Dark Ages\FaceMaker.lnk
Link Info: C:\Users\Dean\Documents\GitHub\DarkAges-Lorule-Server\game\FaceMaker.exe |  |  | 0 | 1 | 0 | 
Self-Register: C:\Users\Dean\Documents\GitHub\DarkAges-Lorule-Server\game\thidchk.dll
Could not Self-Register: C:\Users\Dean\Documents\GitHub\DarkAges-Lorule-Server\game\Mss32.dll
Self-Register: C:\Users\Dean\Documents\GitHub\DarkAges-Lorule-Server\game\Launch.dll
Could not Self-Register: C:\Users\Dean\Documents\GitHub\DarkAges-Lorule-Server\game\cjconnector.dll
Could not Self-Register: C:\Users\Dean\Documents\GitHub\DarkAges-Lorule-Server\game\binkw32.dll
Could not Self-Register: C:\Users\Dean\Documents\GitHub\DarkAges-Lorule-Server\game\music\Mp3dec.asi
Could not Self-Register: C:\Users\Dean\Documents\GitHub\DarkAges-Lorule-Server\game\music\mss32.dll
Delete in-use files: On
File Tree: C:\Users\Dean\DOCUME~1\GitHub\DARKAG~1\game\
RegDB Key: Software\Microsoft\Windows\CurrentVersion\Uninstall\Dark Ages
RegDB Val: 7.18
RegDB Name: DisplayVersion
RegDB Root: 2
RegDB Old: 7.18
RegDB Key: Software\Microsoft\Windows\CurrentVersion\Uninstall\Dark Ages
RegDB Val: KRU Interactive
RegDB Name: Publisher
RegDB Root: 2
RegDB Old: KRU Interactive
RegDB Key: Software\Microsoft\Windows\CurrentVersion\Uninstall\Dark Ages
RegDB Val: https://support.kru.com/
RegDB Name: URLInfoAbout
RegDB Root: 2
RegDB Old: https://support.kru.com/
User Rights: Admin
