c:\da\bmp2epf\bmp2epf\debug\vc140.pdb
c:\da\bmp2epf\bmp2epf\debug\vc140.idb
c:\da\bmp2epf\bmp2epf\debug\arguments.obj
c:\da\bmp2epf\bmp2epf\debug\bitstack.obj
c:\da\bmp2epf\bmp2epf\debug\gdifile.obj
c:\da\bmp2epf\bmp2epf\debug\main.obj
c:\da\bmp2epf\bmp2epf\debug\efpfile.obj
c:\da\bmp2epf\bmp2epf\debug\mpffile.obj
c:\da\bmp2epf\dll_exe\bmp2epf.ilk
c:\da\bmp2epf\dll_exe\bmp2epf.exe
c:\da\bmp2epf\dll_exe\bmp2epf.pdb
c:\da\bmp2epf\bmp2epf\debug\bmp2epf.res
c:\da\bmp2epf\bmp2epf\.\..\dll_exe\bmp2epf.exe
c:\da\bmp2epf\bmp2epf\debug\bmp2epf.tlog\cl.command.1.tlog
c:\da\bmp2epf\bmp2epf\debug\bmp2epf.tlog\cl.read.1.tlog
c:\da\bmp2epf\bmp2epf\debug\bmp2epf.tlog\cl.write.1.tlog
c:\da\bmp2epf\bmp2epf\debug\bmp2epf.tlog\link.command.1.tlog
c:\da\bmp2epf\bmp2epf\debug\bmp2epf.tlog\link.read.1.tlog
c:\da\bmp2epf\bmp2epf\debug\bmp2epf.tlog\link.write.1.tlog
c:\da\bmp2epf\bmp2epf\debug\bmp2epf.tlog\rc.command.1.tlog
c:\da\bmp2epf\bmp2epf\debug\bmp2epf.tlog\rc.read.1.tlog
c:\da\bmp2epf\bmp2epf\debug\bmp2epf.tlog\rc.write.1.tlog
